e:\code\snapshot-master\source\snapshot\snapshot\release\snapshot.pch
e:\code\snapshot-master\source\snapshot\snapshot\release\vc142.pdb
e:\code\snapshot-master\source\snapshot\snapshot\release\stdafx.obj
e:\code\snapshot-master\source\snapshot\snapshot\release\xrecttracker.obj
e:\code\snapshot-master\source\snapshot\snapshot\release\xrect.obj
e:\code\snapshot-master\source\snapshot\snapshot\release\snapshotwnd.obj
e:\code\snapshot-master\source\snapshot\snapshot\release\snapshot.obj
e:\code\snapshot-master\source\snapshot\snapshot\release\xenumallwindowsrect.obj
e:\code\snapshot-master\source\snapshot\release\snapshot.exe
e:\code\snapshot-master\source\snapshot\snapshot\release\snapshot.ipdb
e:\code\snapshot-master\source\snapshot\snapshot\release\snapshot.iobj
e:\code\snapshot-master\source\snapshot\release\snapshot.pdb
e:\code\snapshot-master\source\snapshot\snapshot\release\snapshot.res
e:\code\snapshot-master\source\snapshot\snapshot\release\snapshot.tlog\cl.command.1.tlog
e:\code\snapshot-master\source\snapshot\snapshot\release\snapshot.tlog\cl.read.1.tlog
e:\code\snapshot-master\source\snapshot\snapshot\release\snapshot.tlog\cl.write.1.tlog
e:\code\snapshot-master\source\snapshot\snapshot\release\snapshot.tlog\link.command.1.tlog
e:\code\snapshot-master\source\snapshot\snapshot\release\snapshot.tlog\link.read.1.tlog
e:\code\snapshot-master\source\snapshot\snapshot\release\snapshot.tlog\link.write.1.tlog
e:\code\snapshot-master\source\snapshot\snapshot\release\snapshot.tlog\rc.command.1.tlog
e:\code\snapshot-master\source\snapshot\snapshot\release\snapshot.tlog\rc.read.1.tlog
e:\code\snapshot-master\source\snapshot\snapshot\release\snapshot.tlog\rc.write.1.tlog
