e:\code\snapshot-master\source\snapshot\snapshot\debug\snapshot.pch
e:\code\snapshot-master\source\snapshot\snapshot\debug\vc142.pdb
e:\code\snapshot-master\source\snapshot\snapshot\debug\vc142.idb
e:\code\snapshot-master\source\snapshot\snapshot\debug\stdafx.obj
e:\code\snapshot-master\source\snapshot\snapshot\debug\xrecttracker.obj
e:\code\snapshot-master\source\snapshot\snapshot\debug\xrect.obj
e:\code\snapshot-master\source\snapshot\snapshot\debug\snapshotwnd.obj
e:\code\snapshot-master\source\snapshot\snapshot\debug\snapshot.obj
e:\code\snapshot-master\source\snapshot\snapshot\debug\xenumallwindowsrect.obj
e:\code\snapshot-master\source\snapshot\snapshot\debug\snapshot.ilk
e:\code\snapshot-master\source\snapshot\debug\snapshot.exe
e:\code\snapshot-master\source\snapshot\debug\snapshot.pdb
e:\code\snapshot-master\source\snapshot\snapshot\debug\snapshot.res
e:\code\snapshot-master\source\snapshot\snapshot\debug\snapshot.tlog\cl.command.1.tlog
e:\code\snapshot-master\source\snapshot\snapshot\debug\snapshot.tlog\cl.read.1.tlog
e:\code\snapshot-master\source\snapshot\snapshot\debug\snapshot.tlog\cl.write.1.tlog
e:\code\snapshot-master\source\snapshot\snapshot\debug\snapshot.tlog\link.command.1.tlog
e:\code\snapshot-master\source\snapshot\snapshot\debug\snapshot.tlog\link.read.1.tlog
e:\code\snapshot-master\source\snapshot\snapshot\debug\snapshot.tlog\link.write.1.tlog
e:\code\snapshot-master\source\snapshot\snapshot\debug\snapshot.tlog\rc.command.1.tlog
e:\code\snapshot-master\source\snapshot\snapshot\debug\snapshot.tlog\rc.read.1.tlog
e:\code\snapshot-master\source\snapshot\snapshot\debug\snapshot.tlog\rc.write.1.tlog
